demo/build/outputs/logs/manifest-merger-debug-report.txt
-- Merging decision tree log ---
manifest
ADDED from nim_entertainment_demo/demo/AndroidManifest.xml:2:1-159:12
	package
		ADDED from nim_entertainment_demo/demo/AndroidManifest.xml:3:5-44
		INJECTED from nim_entertainment_demo/demo/AndroidManifest.xml
		INJECTED from nim_entertainment_demo/demo/AndroidManifest.xml
	android:versionName
		ADDED from nim_entertainment_demo/demo/AndroidManifest.xml:5:5-32
		INJECTED from nim_entertainment_demo/demo/AndroidManifest.xml
		INJECTED from nim_entertainment_demo/demo/AndroidManifest.xml
	android:versionCode
		ADDED from nim_entertainment_demo/demo/AndroidManifest.xml:4:5-28
		INJECTED from nim_entertainment_demo/demo/AndroidManifest.xml
		INJECTED from nim_entertainment_demo/demo/AndroidManifest.xml
	xmlns:android
		ADDED from nim_entertainment_demo/demo/AndroidManifest.xml:2:11-69
uses-permission#android.permission.INTERNET
ADDED from nim_entertainment_demo/demo/AndroidManifest.xml:10:5-67
	android:name
		ADDED from nim_entertainment_demo/demo/AndroidManifest.xml:10:22-64
uses-permission#android.permission.ACCESS_NETWORK_STATE
ADDED from nim_entertainment_demo/demo/AndroidManifest.xml:11:5-79
	android:name
		ADDED from nim_entertainment_demo/demo/AndroidManifest.xml:11:22-76
uses-permission#android.permission.ACCESS_WIFI_STATE
ADDED from nim_entertainment_demo/demo/AndroidManifest.xml:12:5-76
	android:name
		ADDED from nim_entertainment_demo/demo/AndroidManifest.xml:12:22-73
uses-permission#android.permission.FLASHLIGHT
ADDED from nim_entertainment_demo/demo/AndroidManifest.xml:14:5-69
	android:name
		ADDED from nim_entertainment_demo/demo/AndroidManifest.xml:14:22-66
uses-permission#android.permission.VIBRATE
ADDED from nim_entertainment_demo/demo/AndroidManifest.xml:15:5-66
	android:name
		ADDED from nim_entertainment_demo/demo/AndroidManifest.xml:15:22-63
uses-permission#android.permission.READ_EXTERNAL_STORAGE
ADDED from nim_entertainment_demo/demo/AndroidManifest.xml:17:5-80
	android:name
		ADDED from nim_entertainment_demo/demo/AndroidManifest.xml:17:22-77
uses-permission#android.permission.WRITE_EXTERNAL_STORAGE
ADDED from nim_entertainment_demo/demo/AndroidManifest.xml:18:5-81
	android:name
		ADDED from nim_entertainment_demo/demo/AndroidManifest.xml:18:22-78
uses-permission#android.permission.CAMERA
ADDED from nim_entertainment_demo/demo/AndroidManifest.xml:20:5-65
	android:name
		ADDED from nim_entertainment_demo/demo/AndroidManifest.xml:20:22-62
uses-permission#android.permission.RECORD_AUDIO
ADDED from nim_entertainment_demo/demo/AndroidManifest.xml:21:5-71
	android:name
		ADDED from nim_entertainment_demo/demo/AndroidManifest.xml:21:22-68
uses-permission#android.permission.READ_PHONE_STATE
ADDED from nim_entertainment_demo/demo/AndroidManifest.xml:22:5-75
	android:name
		ADDED from nim_entertainment_demo/demo/AndroidManifest.xml:22:22-72
uses-permission#android.permission.GET_TASKS
ADDED from nim_entertainment_demo/demo/AndroidManifest.xml:23:5-68
	android:name
		ADDED from nim_entertainment_demo/demo/AndroidManifest.xml:23:22-65
uses-permission#android.permission.MODIFY_AUDIO_SETTINGS
ADDED from nim_entertainment_demo/demo/AndroidManifest.xml:25:5-80
	android:name
		ADDED from nim_entertainment_demo/demo/AndroidManifest.xml:25:22-77
uses-permission#android.permission.BLUETOOTH
ADDED from nim_entertainment_demo/demo/AndroidManifest.xml:26:5-68
	android:name
		ADDED from nim_entertainment_demo/demo/AndroidManifest.xml:26:22-65
uses-permission#android.permission.CHANGE_WIFI_STATE
ADDED from nim_entertainment_demo/demo/AndroidManifest.xml:27:5-76
	android:name
		ADDED from nim_entertainment_demo/demo/AndroidManifest.xml:27:22-73
uses-permission#android.permission.MOUNT_UNMOUNT_FILESYSTEMS
ADDED from nim_entertainment_demo/demo/AndroidManifest.xml:32:5-84
	android:name
		ADDED from nim_entertainment_demo/demo/AndroidManifest.xml:32:22-81
uses-permission#android.permission.SYSTEM_ALERT_WINDOW
ADDED from nim_entertainment_demo/demo/AndroidManifest.xml:34:5-78
	android:name
		ADDED from nim_entertainment_demo/demo/AndroidManifest.xml:34:22-75
uses-permission#android.permission.WAKE_LOCK
ADDED from nim_entertainment_demo/demo/AndroidManifest.xml:36:5-68
	android:name
		ADDED from nim_entertainment_demo/demo/AndroidManifest.xml:36:22-65
uses-permission#android.permission.SET_DEBUG_APP
ADDED from nim_entertainment_demo/demo/AndroidManifest.xml:38:5-72
	android:name
		ADDED from nim_entertainment_demo/demo/AndroidManifest.xml:38:22-69
uses-feature#android.hardware.camera
ADDED from nim_entertainment_demo/demo/AndroidManifest.xml:40:5-60
	android:name
		ADDED from nim_entertainment_demo/demo/AndroidManifest.xml:40:19-57
uses-feature#android.hardware.camera.autofocus
ADDED from nim_entertainment_demo/demo/AndroidManifest.xml:41:5-70
	android:name
		ADDED from nim_entertainment_demo/demo/AndroidManifest.xml:41:19-67
uses-feature#0x00020000
ADDED from nim_entertainment_demo/demo/AndroidManifest.xml:43:5-45:35
	android:glEsVersion
		ADDED from nim_entertainment_demo/demo/AndroidManifest.xml:44:9-41
	android:required
		ADDED from nim_entertainment_demo/demo/AndroidManifest.xml:45:9-32
application
ADDED from nim_entertainment_demo/demo/AndroidManifest.xml:47:5-157:19
MERGED from [com.android.support:design:23.1.1] AndroidManifest.xml:22:5-20
MERGED from [nim_entertainment_demo:effect:unspecified] AndroidManifest.xml:11:5-15:19
MERGED from [com.android.support:appcompat-v7:23.4.0] AndroidManifest.xml:25:5-20
MERGED from [com.android.support:animated-vector-drawable:23.4.0] AndroidManifest.xml:7:5-20
MERGED from [com.android.support:support-vector-drawable:23.4.0] AndroidManifest.xml:7:5-20
MERGED from [com.android.support:support-v4:23.4.0] AndroidManifest.xml:22:5-20
	android:label
		ADDED from nim_entertainment_demo/demo/AndroidManifest.xml:51:9-41
	android:supportsRtl
		ADDED from nim_entertainment_demo/demo/AndroidManifest.xml:53:9-35
	android:allowBackup
		ADDED from nim_entertainment_demo/demo/AndroidManifest.xml:49:9-35
	android:icon
		ADDED from nim_entertainment_demo/demo/AndroidManifest.xml:50:9-41
	android:largeHeap
		ADDED from nim_entertainment_demo/demo/AndroidManifest.xml:52:9-33
	android:theme
		ADDED from nim_entertainment_demo/demo/AndroidManifest.xml:54:9-40
	android:name
		ADDED from nim_entertainment_demo/demo/AndroidManifest.xml:48:9-39
meta-data#com.netease.nim.appKey
ADDED from nim_entertainment_demo/demo/AndroidManifest.xml:56:9-58:55
	android:value
		ADDED from nim_entertainment_demo/demo/AndroidManifest.xml:58:4-52
	android:name
		ADDED from nim_entertainment_demo/demo/AndroidManifest.xml:57:13-50
uses-library#com.google.android.maps
ADDED from nim_entertainment_demo/demo/AndroidManifest.xml:60:9-62:40
	android:required
		ADDED from nim_entertainment_demo/demo/AndroidManifest.xml:62:13-37
	android:name
		ADDED from nim_entertainment_demo/demo/AndroidManifest.xml:61:13-51
activity#com.netease.nim.chatroom.demo.im.activity.WelcomeActivity
ADDED from nim_entertainment_demo/demo/AndroidManifest.xml:65:9-78:20
	android:screenOrientation
		ADDED from nim_entertainment_demo/demo/AndroidManifest.xml:70:13-50
	android:hardwareAccelerated
		ADDED from nim_entertainment_demo/demo/AndroidManifest.xml:68:13-47
	android:launchMode
		ADDED from nim_entertainment_demo/demo/AndroidManifest.xml:69:13-43
	android:windowSoftInputMode
		ADDED from nim_entertainment_demo/demo/AndroidManifest.xml:72:13-52
	android:configChanges
		ADDED from nim_entertainment_demo/demo/AndroidManifest.xml:67:13-63
	android:theme
		ADDED from nim_entertainment_demo/demo/AndroidManifest.xml:71:13-65
	android:name
		ADDED from nim_entertainment_demo/demo/AndroidManifest.xml:66:13-56
intent-filter#android.intent.action.MAIN+android.intent.category.LAUNCHER
ADDED from nim_entertainment_demo/demo/AndroidManifest.xml:73:13-77:29
action#android.intent.action.MAIN
ADDED from nim_entertainment_demo/demo/AndroidManifest.xml:74:17-69
	android:name
		ADDED from nim_entertainment_demo/demo/AndroidManifest.xml:74:25-66
category#android.intent.category.LAUNCHER
ADDED from nim_entertainment_demo/demo/AndroidManifest.xml:76:17-77
	android:name
		ADDED from nim_entertainment_demo/demo/AndroidManifest.xml:76:27-74
activity#com.netease.nim.chatroom.demo.im.activity.LoginActivity
ADDED from nim_entertainment_demo/demo/AndroidManifest.xml:80:9-84:67
	android:screenOrientation
		ADDED from nim_entertainment_demo/demo/AndroidManifest.xml:82:13-49
	android:windowSoftInputMode
		ADDED from nim_entertainment_demo/demo/AndroidManifest.xml:84:13-64
	android:theme
		ADDED from nim_entertainment_demo/demo/AndroidManifest.xml:83:13-46
	android:name
		ADDED from nim_entertainment_demo/demo/AndroidManifest.xml:81:13-54
activity#com.netease.nim.chatroom.demo.entertainment.activity.MainActivity
ADDED from nim_entertainment_demo/demo/AndroidManifest.xml:88:9-92:59
	android:screenOrientation
		ADDED from nim_entertainment_demo/demo/AndroidManifest.xml:91:13-50
	android:label
		ADDED from nim_entertainment_demo/demo/AndroidManifest.xml:90:13-47
	android:theme
		ADDED from nim_entertainment_demo/demo/AndroidManifest.xml:92:13-56
	android:name
		ADDED from nim_entertainment_demo/demo/AndroidManifest.xml:89:13-64
activity#com.netease.nim.chatroom.demo.entertainment.activity.IdentifyActivity
ADDED from nim_entertainment_demo/demo/AndroidManifest.xml:94:9-97:59
	android:screenOrientation
		ADDED from nim_entertainment_demo/demo/AndroidManifest.xml:96:13-50
	android:theme
		ADDED from nim_entertainment_demo/demo/AndroidManifest.xml:97:13-56
	android:name
		ADDED from nim_entertainment_demo/demo/AndroidManifest.xml:95:13-68
activity#com.netease.nim.chatroom.demo.entertainment.activity.LiveModeChooseActivity
ADDED from nim_entertainment_demo/demo/AndroidManifest.xml:99:9-102:59
	android:screenOrientation
		ADDED from nim_entertainment_demo/demo/AndroidManifest.xml:101:13-49
	android:theme
		ADDED from nim_entertainment_demo/demo/AndroidManifest.xml:102:13-56
	android:name
		ADDED from nim_entertainment_demo/demo/AndroidManifest.xml:100:13-74
activity#com.netease.nim.chatroom.demo.entertainment.activity.AboutActivity
ADDED from nim_entertainment_demo/demo/AndroidManifest.xml:104:9-107:59
	android:screenOrientation
		ADDED from nim_entertainment_demo/demo/AndroidManifest.xml:106:13-50
	android:theme
		ADDED from nim_entertainment_demo/demo/AndroidManifest.xml:107:13-56
	android:name
		ADDED from nim_entertainment_demo/demo/AndroidManifest.xml:105:13-65
activity#com.netease.nim.chatroom.demo.entertainment.activity.AudienceActivity
ADDED from nim_entertainment_demo/demo/AndroidManifest.xml:109:9-113:71
	android:screenOrientation
		ADDED from nim_entertainment_demo/demo/AndroidManifest.xml:111:13-50
	android:windowSoftInputMode
		ADDED from nim_entertainment_demo/demo/AndroidManifest.xml:113:13-68
	android:theme
		ADDED from nim_entertainment_demo/demo/AndroidManifest.xml:112:13-56
	android:name
		ADDED from nim_entertainment_demo/demo/AndroidManifest.xml:110:13-68
activity#com.netease.nim.chatroom.demo.entertainment.activity.LiveActivity
ADDED from nim_entertainment_demo/demo/AndroidManifest.xml:115:9-119:71
	android:screenOrientation
		ADDED from nim_entertainment_demo/demo/AndroidManifest.xml:117:13-50
	android:windowSoftInputMode
		ADDED from nim_entertainment_demo/demo/AndroidManifest.xml:119:13-68
	android:theme
		ADDED from nim_entertainment_demo/demo/AndroidManifest.xml:118:13-56
	android:name
		ADDED from nim_entertainment_demo/demo/AndroidManifest.xml:116:13-64
activity#com.netease.nim.chatroom.demo.entertainment.activity.EnterRoomActivity
ADDED from nim_entertainment_demo/demo/AndroidManifest.xml:121:9-125:70
	android:screenOrientation
		ADDED from nim_entertainment_demo/demo/AndroidManifest.xml:123:13-50
	android:windowSoftInputMode
		ADDED from nim_entertainment_demo/demo/AndroidManifest.xml:125:13-67
	android:theme
		ADDED from nim_entertainment_demo/demo/AndroidManifest.xml:124:13-56
	android:name
		ADDED from nim_entertainment_demo/demo/AndroidManifest.xml:122:13-69
activity#com.netease.nim.chatroom.demo.entertainment.activity.InputActivity
ADDED from nim_entertainment_demo/demo/AndroidManifest.xml:127:9-130:75
	android:screenOrientation
		ADDED from nim_entertainment_demo/demo/AndroidManifest.xml:128:19-56
	android:windowSoftInputMode
		ADDED from nim_entertainment_demo/demo/AndroidManifest.xml:130:13-72
	android:theme
		ADDED from nim_entertainment_demo/demo/AndroidManifest.xml:129:19-60
	android:name
		ADDED from nim_entertainment_demo/demo/AndroidManifest.xml:127:19-71
service#com.netease.nimlib.service.NimService
ADDED from nim_entertainment_demo/demo/AndroidManifest.xml:135:9-137:39
	android:process
		ADDED from nim_entertainment_demo/demo/AndroidManifest.xml:137:13-36
	android:name
		ADDED from nim_entertainment_demo/demo/AndroidManifest.xml:136:13-65
service#com.netease.nimlib.service.NimService$Aux
ADDED from nim_entertainment_demo/demo/AndroidManifest.xml:139:9-141:39
	android:process
		ADDED from nim_entertainment_demo/demo/AndroidManifest.xml:141:13-36
	android:name
		ADDED from nim_entertainment_demo/demo/AndroidManifest.xml:140:13-69
receiver#com.netease.nimlib.service.NimReceiver
ADDED from nim_entertainment_demo/demo/AndroidManifest.xml:144:9-152:20
	android:process
		ADDED from nim_entertainment_demo/demo/AndroidManifest.xml:147:13-36
	android:exported
		ADDED from nim_entertainment_demo/demo/AndroidManifest.xml:146:13-37
	android:name
		ADDED from nim_entertainment_demo/demo/AndroidManifest.xml:145:13-66
intent-filter#android.intent.action.BOOT_COMPLETED+android.net.conn.CONNECTIVITY_CHANGE
ADDED from nim_entertainment_demo/demo/AndroidManifest.xml:148:13-151:29
action#android.intent.action.BOOT_COMPLETED
ADDED from nim_entertainment_demo/demo/AndroidManifest.xml:149:17-79
	android:name
		ADDED from nim_entertainment_demo/demo/AndroidManifest.xml:149:25-76
action#android.net.conn.CONNECTIVITY_CHANGE
ADDED from nim_entertainment_demo/demo/AndroidManifest.xml:150:17-79
	android:name
		ADDED from nim_entertainment_demo/demo/AndroidManifest.xml:150:25-76
receiver#com.netease.nimlib.service.ResponseReceiver
ADDED from nim_entertainment_demo/demo/AndroidManifest.xml:155:9-80
	android:name
		ADDED from nim_entertainment_demo/demo/AndroidManifest.xml:155:19-77
uses-sdk
INJECTED from nim_entertainment_demo/demo/AndroidManifest.xml reason: use-sdk injection requested
MERGED from [com.android.support:design:23.1.1] AndroidManifest.xml:20:5-43
MERGED from [com.android.support:recyclerview-v7:23.1.1] AndroidManifest.xml:20:5-43
MERGED from [nim_entertainment_demo:effect:unspecified] AndroidManifest.xml:7:5-9:41
MERGED from [com.android.support:appcompat-v7:23.4.0] AndroidManifest.xml:21:5-23:78
MERGED from [com.android.support:animated-vector-drawable:23.4.0] AndroidManifest.xml:5:5-44
MERGED from [com.android.support:support-vector-drawable:23.4.0] AndroidManifest.xml:5:5-43
MERGED from [com.android.support:support-v4:23.4.0] AndroidManifest.xml:20:5-43
	tools:overrideLibrary
		ADDED from [com.android.support:appcompat-v7:23.4.0] AndroidManifest.xml:23:9-75
	android:targetSdkVersion
		INJECTED from nim_entertainment_demo/demo/AndroidManifest.xml
		INJECTED from nim_entertainment_demo/demo/AndroidManifest.xml
	android:minSdkVersion
		INJECTED from nim_entertainment_demo/demo/AndroidManifest.xml
		INJECTED from nim_entertainment_demo/demo/AndroidManifest.xml